[LOG] SystemI::init                            : FMOD Studio Version: 00010815 (82192)
[LOG] SystemI::init                            : maxchannels = 1024, flags = 00030000, extradriverdata = 0000000000000000
[LOG] SystemI::close                           : 
[LOG] SystemI::close                           : Stop all sounds
[LOG] SystemI::close                           : done.

[LOG] OutputWASAPI::init                       : Mix Format (WAVEFORMATEX): wFormatTag=0xFFFE, nChannels=2, nSamplesPerSec=48000, nAvgBytesPerSec=384000, nBlockAlign=8, wBitsPerSample=32, cbSize=22.
[LOG] OutputWASAPI::init                       : Mix Format (WAVEFORMATEXTENSIBLE): wValidBitsPerSample=32, dwChannelMask=0x00000003, SubFormat=00000003-0000-0010-8000-00AA00389B71.
[LOG] OutputWASAPI::init                       : Output buffer size: 4096 samples, latency: 0.00ms, period: 10.00ms, DSP buffer: 1024 * 4
[LOG] Thread::initThread                       : Initializing FMOD mixer thread.  priority 3
[LOG] Thread::initThread                       : - Stacksize 49152.  Stack pointer 0000000000000000 : usesemaphore = 0 : sleeptime = 0
[LOG] Thread::callback                         : * FMOD mixer thread started
[LOG] SystemI::init                            : Set up emulated output
[LOG] SystemI::init                            : create the channel pool
[LOG] Thread::initThread                       : Initializing FMOD stream thread.  priority 2
[LOG] Thread::initThread                       : - Stacksize 65536.  Stack pointer 0000000000000000 : usesemaphore = 0 : sleeptime = 10
[LOG] Thread::callback                         : * FMOD stream thread started
[LOG] Thread::initThread                       : Initializing FMOD Studio update thread.  priority 0
[LOG] Thread::initThread                       : - Stacksize 65536.  Stack pointer 0000000000000000 : usesemaphore = 0 : sleeptime = 1
[LOG] Thread::callback                         : * FMOD Studio update thread started
[LOG] Thread::initThread                       : Initializing FMOD Studio sample load thread.  priority 0
[LOG] Thread::initThread                       : - Stacksize 65536.  Stack pointer 0000000000000000 : usesemaphore = 0 : sleeptime = 1
[LOG] Thread::callback                         : * FMOD Studio sample load thread started
[LOG] LiveUpdate::init                         : 
[LOG] Thread::initThread                       : Initializing FMOD Studio bank load thread.  priority 0
[LOG] Thread::initThread                       : - Stacksize 65536.  Stack pointer 0000000000000000 : usesemaphore = 0 : sleeptime = 1
[LOG] Thread::callback                         : * FMOD Studio bank load thread started
[LOG] Profile::init                            : Profiler listening on port: 9264
[LOG] Manager::readBank                        : fileversion = 79, compatVersion = 70 (oldest = 44, newest = 80)
[LOG] Manager::readBank                        : fileversion = 79, compatVersion = 70 (oldest = 44, newest = 80)
[LOG] PlaybackSystem::acquireMasterBus         : Setting master channel group format to 3
[LOG] Manager::readBank                        : fileversion = 79, compatVersion = 70 (oldest = 44, newest = 80)
[LOG] Manager::readBank                        : fileversion = 79, compatVersion = 70 (oldest = 44, newest = 80)
[LOG] Manager::readBank                        : fileversion = 79, compatVersion = 70 (oldest = 44, newest = 80)
[LOG] Manager::readBank                        : fileversion = 79, compatVersion = 70 (oldest = 44, newest = 80)
[LOG] Manager::readBank                        : fileversion = 79, compatVersion = 70 (oldest = 44, newest = 80)
[LOG] SystemI::createSoundInternal             : filename =  : mode 02000202
[LOG] SystemI::createSoundInternal             : exinfo->cbsize             = 232
[LOG] SystemI::createSoundInternal             : exinfo->length             = 9760
[LOG] SystemI::createSoundInternal             : exinfo->fileoffset         = 4864
[LOG] SystemI::createSoundInternal             : exinfo->numsubsounds       = 1
[LOG] SystemI::createSoundInternal             : exinfo->inclusionlist      = 000000007BF4FB38
[LOG] SystemI::createSoundInternal             : exinfo->inclusionlistnum   = 1
[LOG] SystemI::createSoundInternal             : exinfo->suggestedsoundtype = 5
[LOG] SystemI::createSoundInternal             : exinfo->useropen           = 00007FF8204A5130
[LOG] SystemI::createSoundInternal             : exinfo->userclose          = 00007FF8204A5100
[LOG] SystemI::createSoundInternal             : exinfo->userread           = 00007FF8204A5200
[LOG] SystemI::createSoundInternal             : exinfo->userseek           = 00007FF8204A52B0
[LOG] SystemI::createSoundInternal             : exinfo->fileuserdata       = 0000000029EB85F8
[LOG] SystemI::createSoundInternal             : exinfo->initialseekpostype = 1
[LOG] SystemI::createSoundInternal             : Format has 1 subsounds.
[LOG] SystemI::createSoundInternal             : Create as FMOD_CREATESAMPLE
[LOG] SystemI::createSoundInternal             : Multi-sample sound (1 subsounds), create a sample container.
[LOG] SystemI::createSoundInternal             : creating subsound 0/1
[LOG] SystemI::createSample                    : mode 02000202 length 1532 samples, lengthbytes 448
[LOG] SystemI::createSample                    : channels = 1
[LOG] SystemI::createSample                    : output = 000000001D86DAF8
[LOG] OutputSoftware::createSample             : lengthpcm 1532, lengthbytes 448, channels 1, format 2, freq 48000, mode 0200020a
[LOG] SystemI::createSoundInternal             : No name found in file, use filename.
[LOG] SystemI::createSoundInternal             : done.  OpenState now = FMOD_OPENSTATE_READY.

[LOG] SystemI::createSoundInternal             : filename =  : mode 02000202
[LOG] SystemI::createSoundInternal             : exinfo->cbsize             = 232
[LOG] SystemI::createSoundInternal             : exinfo->length             = 9760
[LOG] SystemI::createSoundInternal             : exinfo->fileoffset         = 4864
[LOG] SystemI::createSoundInternal             : exinfo->numsubsounds       = 1
[LOG] SystemI::createSoundInternal             : exinfo->inclusionlist      = 000000007BF4FB38
[LOG] SystemI::createSoundInternal             : exinfo->inclusionlistnum   = 1
[LOG] SystemI::createSoundInternal             : exinfo->suggestedsoundtype = 5
[LOG] SystemI::createSoundInternal             : exinfo->useropen           = 00007FF8204A5130
[LOG] SystemI::createSoundInternal             : exinfo->userclose          = 00007FF8204A5100
[LOG] SystemI::createSoundInternal             : exinfo->userread           = 00007FF8204A5200
[LOG] SystemI::createSoundInternal             : exinfo->userseek           = 00007FF8204A52B0
[LOG] SystemI::createSoundInternal             : exinfo->fileuserdata       = 0000000029EB85F8
[LOG] SystemI::createSoundInternal             : exinfo->initialseekpostype = 1
[LOG] SystemI::createSoundInternal             : Format has 1 subsounds.
[LOG] SystemI::createSoundInternal             : Create as FMOD_CREATESAMPLE
[LOG] SystemI::createSoundInternal             : Multi-sample sound (1 subsounds), create a sample container.
[LOG] SystemI::createSoundInternal             : creating subsound 0/1
[LOG] SystemI::createSample                    : mode 02000202 length 1393 samples, lengthbytes 416
[LOG] SystemI::createSample                    : channels = 1
[LOG] SystemI::createSample                    : output = 000000001D86DAF8
[LOG] OutputSoftware::createSample             : lengthpcm 1393, lengthbytes 416, channels 1, format 2, freq 48000, mode 0200020a
[LOG] SystemI::createSoundInternal             : No name found in file, use filename.
[LOG] SystemI::createSoundInternal             : done.  OpenState now = FMOD_OPENSTATE_READY.

[LOG] SystemI::createSoundInternal             : filename =  : mode 02000202
[LOG] SystemI::createSoundInternal             : exinfo->cbsize             = 232
[LOG] SystemI::createSoundInternal             : exinfo->length             = 9760
[LOG] SystemI::createSoundInternal             : exinfo->fileoffset         = 4864
[LOG] SystemI::createSoundInternal             : exinfo->numsubsounds       = 1
[LOG] SystemI::createSoundInternal             : exinfo->inclusionlist      = 000000007BF4FB38
[LOG] SystemI::createSoundInternal             : exinfo->inclusionlistnum   = 1
[LOG] SystemI::createSoundInternal             : exinfo->suggestedsoundtype = 5
[LOG] SystemI::createSoundInternal             : exinfo->useropen           = 00007FF8204A5130
[LOG] SystemI::createSoundInternal             : exinfo->userclose          = 00007FF8204A5100
[LOG] SystemI::createSoundInternal             : exinfo->userread           = 00007FF8204A5200
[LOG] SystemI::createSoundInternal             : exinfo->userseek           = 00007FF8204A52B0
[LOG] SystemI::createSoundInternal             : exinfo->fileuserdata       = 0000000029EB85F8
[LOG] SystemI::createSoundInternal             : exinfo->initialseekpostype = 1
[LOG] SystemI::createSoundInternal             : Format has 1 subsounds.
[LOG] SystemI::createSoundInternal             : Create as FMOD_CREATESAMPLE
[LOG] SystemI::createSoundInternal             : Multi-sample sound (1 subsounds), create a sample container.
[LOG] SystemI::createSoundInternal             : creating subsound 0/1
[LOG] SystemI::createSample                    : mode 02000202 length 1462 samples, lengthbytes 416
[LOG] SystemI::createSample                    : channels = 1
[LOG] SystemI::createSample                    : output = 000000001D86DAF8
[LOG] OutputSoftware::createSample             : lengthpcm 1462, lengthbytes 416, channels 1, format 2, freq 48000, mode 0200020a
[LOG] SystemI::createSoundInternal             : No name found in file, use filename.
[LOG] SystemI::createSoundInternal             : done.  OpenState now = FMOD_OPENSTATE_READY.

[LOG] SystemI::createSoundInternal             : filename =  : mode 02000202
[LOG] SystemI::createSoundInternal             : exinfo->cbsize             = 232
[LOG] SystemI::createSoundInternal             : exinfo->length             = 9760
[LOG] SystemI::createSoundInternal             : exinfo->fileoffset         = 4864
[LOG] SystemI::createSoundInternal             : exinfo->numsubsounds       = 1
[LOG] SystemI::createSoundInternal             : exinfo->inclusionlist      = 000000007BF4FB38
[LOG] SystemI::createSoundInternal             : exinfo->inclusionlistnum   = 1
[LOG] SystemI::createSoundInternal             : exinfo->suggestedsoundtype = 5
[LOG] SystemI::createSoundInternal             : exinfo->useropen           = 00007FF8204A5130
[LOG] SystemI::createSoundInternal             : exinfo->userclose          = 00007FF8204A5100
[LOG] SystemI::createSoundInternal             : exinfo->userread           = 00007FF8204A5200
[LOG] SystemI::createSoundInternal             : exinfo->userseek           = 00007FF8204A52B0
[LOG] SystemI::createSoundInternal             : exinfo->fileuserdata       = 0000000029EB85F8
[LOG] SystemI::createSoundInternal             : exinfo->initialseekpostype = 1
[LOG] SystemI::createSoundInternal             : Format has 1 subsounds.
[LOG] SystemI::createSoundInternal             : Create as FMOD_CREATESAMPLE
[LOG] SystemI::createSoundInternal             : Multi-sample sound (1 subsounds), create a sample container.
[LOG] SystemI::createSoundInternal             : creating subsound 0/1
[LOG] SystemI::createSample                    : mode 02000202 length 5503 samples, lengthbytes 1344
[LOG] SystemI::createSample                    : channels = 1
[LOG] SystemI::createSample                    : output = 000000001D86DAF8
[LOG] OutputSoftware::createSample             : lengthpcm 5503, lengthbytes 1344, channels 1, format 2, freq 48000, mode 0200020a
[LOG] SystemI::createSoundInternal             : No name found in file, use filename.
[LOG] SystemI::createSoundInternal             : done.  OpenState now = FMOD_OPENSTATE_READY.

[LOG] SystemI::createSoundInternal             : filename =  : mode 02000202
[LOG] SystemI::createSoundInternal             : exinfo->cbsize             = 232
[LOG] SystemI::createSoundInternal             : exinfo->length             = 9760
[LOG] SystemI::createSoundInternal             : exinfo->fileoffset         = 4864
[LOG] SystemI::createSoundInternal             : exinfo->numsubsounds       = 1
[LOG] SystemI::createSoundInternal             : exinfo->inclusionlist      = 000000007BF4FB38
[LOG] SystemI::createSoundInternal             : exinfo->inclusionlistnum   = 1
[LOG] SystemI::createSoundInternal             : exinfo->suggestedsoundtype = 5
[LOG] SystemI::createSoundInternal             : exinfo->useropen           = 00007FF8204A5130
[LOG] SystemI::createSoundInternal             : exinfo->userclose          = 00007FF8204A5100
[LOG] SystemI::createSoundInternal             : exinfo->userread           = 00007FF8204A5200
[LOG] SystemI::createSoundInternal             : exinfo->userseek           = 00007FF8204A52B0
[LOG] SystemI::createSoundInternal             : exinfo->fileuserdata       = 0000000029EB85F8
[LOG] SystemI::createSoundInternal             : exinfo->initialseekpostype = 1
[LOG] SystemI::createSoundInternal             : Format has 1 subsounds.
[LOG] SystemI::createSoundInternal             : Create as FMOD_CREATESAMPLE
[LOG] SystemI::createSoundInternal             : Multi-sample sound (1 subsounds), create a sample container.
[LOG] SystemI::createSoundInternal             : creating subsound 0/1
[LOG] SystemI::createSample                    : mode 02000202 length 40124 samples, lengthbytes 6784
[LOG] SystemI::createSample                    : channels = 1
[LOG] SystemI::createSample                    : output = 000000001D86DAF8
[LOG] OutputSoftware::createSample             : lengthpcm 40124, lengthbytes 6784, channels 1, format 2, freq 48000, mode 0200020a
[LOG] SystemI::createSoundInternal             : No name found in file, use filename.
[LOG] SystemI::createSoundInternal             : done.  OpenState now = FMOD_OPENSTATE_READY.

[LOG] SoundI::release                          :  (0000000030BE6328)
[LOG] SoundI::release                          : release subsounds. (0000000030BE6328)
[LOG] SoundI::release                          :     Menu_Mouse_Click_woosh (0000000029DDD138)
[LOG] SoundI::release                          : release codec. (0000000030BE6328)
[LOG] SoundI::release                          :  (0000000030BE61B8)
[LOG] SoundI::release                          : release subsounds. (0000000030BE61B8)
[LOG] SoundI::release                          :     Menu_Mouse_Click_1 (0000000029DDCE18)
[LOG] SoundI::release                          : release codec. (0000000030BE61B8)
[LOG] SoundI::release                          :  (0000000030BE6BC8)
[LOG] SoundI::release                          : release subsounds. (0000000030BE6BC8)
[LOG] SoundI::release                          :     Menu_Mouse_Hover_v2_1 (0000000029DDCFA8)
[LOG] SoundI::release                          : release codec. (0000000030BE6BC8)
[LOG] SoundI::release                          :  (0000000030BE68E8)
[LOG] SoundI::release                          : release subsounds. (0000000030BE68E8)
[LOG] SoundI::release                          :     Menu_Mouse_Hover_v2_2 (0000000029DDC968)
[LOG] SoundI::release                          : release codec. (0000000030BE68E8)
[LOG] SoundI::release                          :  (0000000030BE6D38)
[LOG] SoundI::release                          : release subsounds. (0000000030BE6D38)
[LOG] SoundI::release                          :     Menu_Mouse_Hover_v2_3 (0000000029DDCC88)
[LOG] SoundI::release                          : release codec. (0000000030BE6D38)
[LOG] Thread::callback                         : * FMOD Studio update thread finished
[LOG] Thread::close                            : FMOD Studio update thread thread destroyed
[LOG] Thread::callback                         : * FMOD Studio bank load thread finished
[LOG] Thread::close                            : FMOD Studio bank load thread thread destroyed
[LOG] Profile::disconnectAll                   : Profiler disconnecting all clients
[LOG] Thread::callback                         : * FMOD Studio sample load thread finished
[LOG] Thread::close                            : FMOD Studio sample load thread thread destroyed
[LOG] LiveUpdate::release                      : 
[LOG] LiveUpdate::reset                        : Reset connection (reason Disconnected)
[LOG] SystemI::close                           : 
[LOG] SystemI::close                           : Stop all sounds
[LOG] Thread::callback                         : * FMOD stream thread finished
[LOG] Thread::close                            : FMOD stream thread thread destroyed
[LOG] SystemI::close                           : Stream thread destroyed
[LOG] Thread::callback                         : * FMOD mixer thread finished
[LOG] Thread::close                            : FMOD mixer thread thread destroyed
[LOG] SystemI::close                           : Free master channel group.
[LOG] SystemI::close                           : Remove 'master' sound group.
[LOG] SystemI::close                           : Free software output.
[LOG] SystemI::close                           : Free emulated output.
[LOG] SystemI::close                           : Free channel pool.
[LOG] SystemI::close                           : done.

